<?xml version="1.0" encoding="UTF-8"?>
<!-- Generated by org.testng.reporters.JUnitXMLReporter -->
<testsuite ignored="0" hostname="DESKTOP-AHMVJTM" failures="0" tests="2" name="Default test" time="6.844" errors="0" timestamp="2025-06-17T16:08:10 IST">
  <testcase classname="ex_27Jun2024_PayLoad_File.Lab234" name="testNonBDDStylePOSTNegative" time="4.75"/>
  <testcase classname="ex_27Jun2024_PayLoad_File.Lab234" name="testNonBDDStylePOSTPositive" time="1.798"/>
</testsuite> <!-- Default test -->
