<?xml version="1.0" encoding="UTF-8"?>
<!-- Generated by org.testng.reporters.JUnitXMLReporter -->
<testsuite ignored="1" hostname="DESKTOP-AHMVJTM" failures="0" tests="2" name="Test" time="0.478" errors="0" timestamp="2024-09-23T17:52:51 IST">
  <testcase classname="ex_25Jun2024.Lab220" name="regRun" time="0.125"/>
  <testcase classname="ex_25Jun2024.Lab220" name="sanityRun" time="0.025"/>
  <testcase classname="ex_25Jun2024.Lab220" name="SmokeRun" time="0.0">
    <ignored/>
  </testcase> <!-- SmokeRun -->
</testsuite> <!-- Test -->
