<?xml version="1.0" encoding="UTF-8"?>
<!-- Generated by org.testng.reporters.JUnitXMLReporter -->
<testsuite ignored="0" hostname="DESKTOP-AHMVJTM" failures="0" tests="3" name="Testtts" time="7.961" errors="0" timestamp="2024-09-14T23:53:21 IST">
  <testcase classname="ex_22Jun2024_CRUD_Operations.Lab211_Post_BDDStyle_Request" name="testBDDStylePOSTPositive" time="4.326"/>
  <testcase classname="ex_22Jun2024_CRUD_Operations.Lab212_NonBDDStylePost_Req" name="testNonBDDStylePOSTNegative" time="1.684"/>
  <testcase classname="ex_22Jun2024_CRUD_Operations.Lab212_NonBDDStylePost_Req" name="testNonBDDStylePOSTPositive" time="1.746"/>
</testsuite> <!-- Testtts -->
