<?xml version="1.0" encoding="UTF-8"?>
<!-- Generated by org.testng.reporters.JUnitXMLReporter -->
<testsuite ignored="3" hostname="DESKTOP-AHMVJTM" failures="0" tests="0" time="0.045" errors="0" timestamp="2024-09-23T17:40:40 IST">
  <testcase classname="ex_25Jun2024.Lab220" name="SmokeRun" time="0.0">
    <ignored/>
  </testcase> <!-- SmokeRun -->
  <testcase classname="ex_25Jun2024.Lab220" name="sanityRun" time="0.0">
    <ignored/>
  </testcase> <!-- sanityRun -->
  <testcase classname="ex_25Jun2024.Lab220" name="regRun" time="0.0">
    <ignored/>
  </testcase> <!-- regRun -->
</testsuite>
