<?xml version="1.0" encoding="UTF-8"?>
<!-- Generated by org.testng.reporters.JUnitXMLReporter -->
<testsuite ignored="0" hostname="DESKTOP-AHMVJTM" failures="1" tests="1" name="TTT" time="0.314" errors="0" timestamp="2024-09-10T15:07:18 IST">
  <testcase classname="TestNGg.Lab206" name="testCase" time="0.125">
    <failure type="java.lang.AssertionError" message="expected [Ram] but found [hari]">
      <![CDATA[java.lang.AssertionError: expected [Ram] but found [hari]
at TestNGg.Lab206.testCase(Lab206.java:20)
at java.base/java.util.ArrayList.forEach(ArrayList.java:1596)
... Removed 31 stack frames]]>
    </failure>
  </testcase> <!-- testCase -->
</testsuite> <!-- TTT -->
