<?xml version="1.0" encoding="UTF-8"?>
<!-- Generated by org.testng.reporters.JUnitXMLReporter -->
<testsuite ignored="4" hostname="DESKTOP-AHMVJTM" failures="0" tests="1" name="Sample Test" time="0.666" errors="0" timestamp="2024-09-25T12:09:37 IST">
  <testcase classname="ex_25Jun2024.Lab221" name="sanityRun" time="0.187"/>
  <testcase classname="ex_25Jun2024.Lab221" name="SmokeRun" time="0.0">
    <ignored/>
  </testcase> <!-- SmokeRun -->
  <testcase classname="ex_25Jun2024.Lab221" name="ProdRun" time="0.0">
    <ignored/>
  </testcase> <!-- ProdRun -->
  <testcase classname="ex_25Jun2024.Lab221" name="QARun" time="0.0">
    <ignored/>
  </testcase> <!-- QARun -->
  <testcase classname="ex_25Jun2024.Lab221" name="regRun" time="0.0">
    <ignored/>
  </testcase> <!-- regRun -->
</testsuite> <!-- Sample Test -->
