<?xml version="1.0" encoding="UTF-8"?>
<testsuite name="Default test"
           tests="4"
           failures="0"
           errors="0"
           skipped="0"
           time="0.266">
    <properties></properties>



            <testcase
                name="testMethodOne"
                time="0.013"
                classname="ex_25Jun2024.Lab218">
            </testcase>
            <testcase
                name="testMethodNegativeOne"
                time="0.198"
                classname="ex_25Jun2024.Lab218">
            </testcase>
            <testcase
                name="testMethodTwo"
                time="0.015"
                classname="ex_25Jun2024.Lab218">
            </testcase>
            <testcase
                name="testMethodZero"
                time="0.040"
                classname="ex_25Jun2024.Lab218">
            </testcase>
</testsuite>
