<?xml version="1.0" encoding="UTF-8"?>
<testsuite name="Default test"
           tests="3"
           failures="0"
           errors="0"
           skipped="0"
           time="0.120">
    <properties></properties>



            <testcase
                name="testAuthToGetToken"
                time="0.085"
                classname="ex_25Jun2024.Lab225">
            </testcase>
            <testcase
                name="testAuthToGetToken"
                time="0.016"
                classname="ex_25Jun2024.Lab225">
            </testcase>
            <testcase
                name="testAuthToGetToken"
                time="0.019"
                classname="ex_25Jun2024.Lab225">
            </testcase>
</testsuite>
