<?xml version="1.0" encoding="UTF-8"?>
<testsuite name="Default test"
           tests="3"
           failures="0"
           errors="0"
           skipped="0"
           time="0.320">
    <properties></properties>



            <testcase
                name="regRun"
                time="0.010"
                classname="ex_25Jun2024.Lab220">
            </testcase>
            <testcase
                name="sanityRun"
                time="0.006"
                classname="ex_25Jun2024.Lab220">
            </testcase>
            <testcase
                name="SmokeRun"
                time="0.304"
                classname="ex_25Jun2024.Lab220">
            </testcase>
</testsuite>
