<?xml version="1.0" encoding="UTF-8"?>
<testng-results ignored="0" total="2" passed="2" failed="0" skipped="0">
  <reporter-output>
  </reporter-output>
  <suite started-at="2025-06-17T16:08:04 IST" name="Default suite" finished-at="2025-06-17T16:08:10 IST" duration-ms="6844">
    <groups>
    </groups>
    <test started-at="2025-06-17T16:08:04 IST" name="Default test" finished-at="2025-06-17T16:08:10 IST" duration-ms="6844">
      <class name="ex_27Jun2024_PayLoad_File.Lab234">
        <test-method signature="testNonBDDStylePOSTNegative()[pri:0, instance:ex_27Jun2024_PayLoad_File.Lab234@6bfdb014]" started-at="2025-06-17T16:08:04 IST" name="testNonBDDStylePOSTNegative" finished-at="2025-06-17T16:08:08 IST" duration-ms="4750" status="PASS">
          <reporter-output>
          </reporter-output>
        </test-method> <!-- testNonBDDStylePOSTNegative -->
        <test-method signature="testNonBDDStylePOSTPositive()[pri:0, instance:ex_27Jun2024_PayLoad_File.Lab234@6bfdb014]" started-at="2025-06-17T16:08:09 IST" name="testNonBDDStylePOSTPositive" finished-at="2025-06-17T16:08:10 IST" duration-ms="1798" status="PASS">
          <reporter-output>
          </reporter-output>
        </test-method> <!-- testNonBDDStylePOSTPositive -->
      </class> <!-- ex_27Jun2024_PayLoad_File.Lab234 -->
    </test> <!-- Default test -->
  </suite> <!-- Default suite -->
</testng-results>
