<?xml version="1.0" encoding="UTF-8"?>
<!-- Generated by org.testng.reporters.JUnitReportReporter -->
<testsuite hostname="DESKTOP-AHMVJTM" failures="0" tests="3" name="ex_25Jun2024.Lab224" time="0.257" errors="0" timestamp="2024-09-25T14:47:30 IST" skipped="0">
  <testcase classname="ex_25Jun2024.Lab224" name="testPutReq" time="0.008"/>
  <testcase classname="ex_25Jun2024.Lab224" name="getToken" time="0.243"/>
  <testcase classname="ex_25Jun2024.Lab224" name="getBookingId" time="0.006"/>
</testsuite> <!-- ex_25Jun2024.Lab224 -->
