<?xml version="1.0" encoding="UTF-8"?>
<!-- Generated by org.testng.reporters.JUnitReportReporter -->
<testsuite hostname="DESKTOP-AHMVJTM" failures="0" tests="1" name="ex_22Jun2024_CRUD_Operations.Lab214_Patch_NonBDDStyle_Req" time="11.022" errors="0" timestamp="2024-09-19T15:36:46 IST" skipped="0">
  <testcase classname="ex_22Jun2024_CRUD_Operations.Lab214_Patch_NonBDDStyle_Req" name="testPatchRequestNonBDD" time="11.022"/>
</testsuite> <!-- ex_22Jun2024_CRUD_Operations.Lab214_Patch_NonBDDStyle_Req -->
