<?xml version="1.0" encoding="UTF-8"?>
<!-- Generated by org.testng.reporters.JUnitReportReporter -->
<testsuite hostname="DESKTOP-AHMVJTM" failures="0" tests="3" name="ex_25Jun2024.Lab219" time="0.222" errors="0" timestamp="2024-09-23T16:04:09 IST" skipped="0">
  <testcase classname="ex_25Jun2024.Lab219" name="testMethodC" time="0.055"/>
  <testcase classname="ex_25Jun2024.Lab219" name="testMethodB" time="0.011"/>
  <testcase classname="ex_25Jun2024.Lab219" name="testMethodA" time="0.156"/>
</testsuite> <!-- ex_25Jun2024.Lab219 -->
