<?xml version="1.0" encoding="UTF-8"?>
<!-- Generated by org.testng.reporters.JUnitReportReporter -->
<testsuite hostname="DESKTOP-AHMVJTM" failures="0" tests="1" name="ex_22Jun2024_CRUD_Operations.Lab211_Post_BDDStyle_Request" time="4.326" errors="0" timestamp="2024-09-14T23:53:22 IST" skipped="0">
  <testcase classname="ex_22Jun2024_CRUD_Operations.Lab211_Post_BDDStyle_Request" name="testBDDStylePOSTPositive" time="4.326"/>
</testsuite> <!-- ex_22Jun2024_CRUD_Operations.Lab211_Post_BDDStyle_Request -->
