<?xml version="1.0" encoding="UTF-8"?>
<!-- Generated by org.testng.reporters.JUnitReportReporter -->
<testsuite hostname="DESKTOP-AHMVJTM" failures="0" tests="1" name="ex_27Jun2024_WaysToCreatePayloadBody.Serialization.Lab231" time="4.229" errors="0" timestamp="2024-09-27T22:46:14 IST" skipped="0">
  <testcase classname="ex_27Jun2024_WaysToCreatePayloadBody.Serialization.Lab231" name="testNonBDDStylePOSTPositive" time="4.229"/>
</testsuite> <!-- ex_27Jun2024_WaysToCreatePayloadBody.Serialization.Lab231 -->
