<?xml version="1.0" encoding="UTF-8"?>
<!-- Generated by org.testng.reporters.JUnitReportReporter -->
<testsuite hostname="DESKTOP-AHMVJTM" failures="0" tests="2" name="ex_27Jun2024_PayLoad_File.Lab234" time="11.082" errors="0" timestamp="2024-10-09T17:03:34 IST" skipped="0">
  <testcase classname="ex_27Jun2024_PayLoad_File.Lab234" name="testNonBDDStylePOSTPositive" time="1.841"/>
  <testcase classname="ex_27Jun2024_PayLoad_File.Lab234" name="testNonBDDStylePOSTNegative" time="9.241"/>
</testsuite> <!-- ex_27Jun2024_PayLoad_File.Lab234 -->
