<?xml version="1.0" encoding="UTF-8"?>
<!-- Generated by org.testng.reporters.JUnitReportReporter -->
<testsuite hostname="DESKTOP-AHMVJTM" failures="0" tests="3" name="ex_25Jun2024.Lab220" time="0.320" errors="0" timestamp="2024-09-23T22:03:57 IST" skipped="0">
  <testcase classname="ex_25Jun2024.Lab220" name="regRun" time="0.010"/>
  <testcase classname="ex_25Jun2024.Lab220" name="sanityRun" time="0.006"/>
  <testcase classname="ex_25Jun2024.Lab220" name="SmokeRun" time="0.304"/>
</testsuite> <!-- ex_25Jun2024.Lab220 -->
