<?xml version="1.0" encoding="UTF-8"?>
<!-- Generated by org.testng.reporters.JUnitReportReporter -->
<testsuite hostname="DESKTOP-AHMVJTM" failures="0" tests="1" name="ex_27Jun2024WaysToCreatePayloadBody.Serialization_Gen.Lab231" time="0.187" errors="0" timestamp="2024-10-08T00:26:42 IST" skipped="0">
  <testcase classname="ex_27Jun2024WaysToCreatePayloadBody.Serialization_Gen.Lab231" name="testNonBDDStylePOSTPositive" time="0.187"/>
</testsuite> <!-- ex_27Jun2024WaysToCreatePayloadBody.Serialization_Gen.Lab231 -->
