<?xml version="1.0" encoding="UTF-8"?>
<!-- Generated by org.testng.reporters.JUnitReportReporter -->
<testsuite hostname="DESKTOP-AHMVJTM" failures="0" tests="1" name="ex_27Jun2024_WaysToCreatePayloadBody.Serialization.Lab230" time="8.988" errors="0" timestamp="2024-10-07T23:53:28 IST" skipped="0">
  <testcase classname="ex_27Jun2024_WaysToCreatePayloadBody.Serialization.Lab230" name="testNonBDDStylePOSTPositive" time="8.988"/>
</testsuite> <!-- ex_27Jun2024_WaysToCreatePayloadBody.Serialization.Lab230 -->
