<?xml version="1.0" encoding="UTF-8"?>
<!-- Generated by org.testng.reporters.JUnitReportReporter -->
<testsuite hostname="DESKTOP-AHMVJTM" failures="0" tests="2" name="ex_22Jun2024_CRUD_Operations.Lab212_NonBDDStylePost_Req" time="7.003" errors="0" timestamp="2024-09-19T15:40:01 IST" skipped="0">
  <testcase classname="ex_22Jun2024_CRUD_Operations.Lab212_NonBDDStylePost_Req" name="testNonBDDStylePOSTPositive" time="1.723"/>
  <testcase classname="ex_22Jun2024_CRUD_Operations.Lab212_NonBDDStylePost_Req" name="testNonBDDStylePOSTNegative" time="5.280"/>
</testsuite> <!-- ex_22Jun2024_CRUD_Operations.Lab212_NonBDDStylePost_Req -->
