<?xml version="1.0" encoding="UTF-8"?>
<!-- Generated by org.testng.reporters.JUnitReportReporter -->
<testsuite hostname="DESKTOP-AHMVJTM" failures="0" tests="4" name="ex_25Jun2024.Lab218" time="0.266" errors="0" timestamp="2024-09-23T15:35:29 IST" skipped="0">
  <testcase classname="ex_25Jun2024.Lab218" name="testMethodNegativeOne" time="0.198"/>
  <testcase classname="ex_25Jun2024.Lab218" name="testMethodZero" time="0.040"/>
  <testcase classname="ex_25Jun2024.Lab218" name="testMethodOne" time="0.013"/>
  <testcase classname="ex_25Jun2024.Lab218" name="testMethodTwo" time="0.015"/>
</testsuite> <!-- ex_25Jun2024.Lab218 -->
