<?xml version="1.0" encoding="UTF-8"?>
<!-- Generated by org.testng.reporters.JUnitReportReporter -->
<testsuite hostname="DESKTOP-AHMVJTM" failures="0" tests="3" name="ex_25Jun2024.Lab225" time="0.260" errors="0" timestamp="2024-09-25T15:09:22 IST" skipped="0">
  <testcase classname="ex_25Jun2024.Lab225" name="testAuthToGetToken" time="0.031"/>
  <testcase classname="ex_25Jun2024.Lab225" name="testAuthToGetToken" time="0.009"/>
  <testcase classname="ex_25Jun2024.Lab225" name="testAuthToGetToken" time="0.220"/>
</testsuite> <!-- ex_25Jun2024.Lab225 -->
