<?xml version="1.0" encoding="UTF-8"?>
<!-- Generated by org.testng.reporters.JUnitReportReporter -->
<testsuite hostname="DESKTOP-AHMVJTM" failures="0" tests="1" name="ex_27Jun2024WaysToCreatePayloadBody_Deserilization.Lab232_Deserilization_Example" time="0.299" errors="0" timestamp="2024-10-09T15:14:48 IST" skipped="0">
  <testcase classname="ex_27Jun2024WaysToCreatePayloadBody_Deserilization.Lab232_Deserilization_Example" name="DeSerilization" time="0.299"/>
</testsuite> <!-- ex_27Jun2024WaysToCreatePayloadBody_Deserilization.Lab232_Deserilization_Example -->
