<?xml version="1.0" encoding="UTF-8"?>
<!-- Generated by org.testng.reporters.JUnitReportReporter -->
<testsuite hostname="DESKTOP-AHMVJTM" failures="0" tests="3" name="ex_25Jun2024.Lab225" time="0.120" errors="0" timestamp="2025-05-02T21:24:08 IST" skipped="0">
  <testcase classname="ex_25Jun2024.Lab225" name="testAuthToGetToken" time="0.085"/>
  <testcase classname="ex_25Jun2024.Lab225" name="testAuthToGetToken" time="0.016"/>
  <testcase classname="ex_25Jun2024.Lab225" name="testAuthToGetToken" time="0.019"/>
</testsuite> <!-- ex_25Jun2024.Lab225 -->
