<?xml version="1.0" encoding="UTF-8"?>
<!-- Generated by org.testng.reporters.JUnitReportReporter -->
<testsuite hostname="DESKTOP-AHMVJTM" failures="0" tests="2" name="ex_27Jun2024_PayLoad_File.Lab234" time="6.548" errors="0" timestamp="2025-06-17T16:08:11 IST" skipped="0">
  <testcase classname="ex_27Jun2024_PayLoad_File.Lab234" name="testNonBDDStylePOSTPositive" time="1.798"/>
  <testcase classname="ex_27Jun2024_PayLoad_File.Lab234" name="testNonBDDStylePOSTNegative" time="4.750"/>
</testsuite> <!-- ex_27Jun2024_PayLoad_File.Lab234 -->
