<?xml version="1.0" encoding="UTF-8"?>
<!-- Generated by org.testng.reporters.JUnitReportReporter -->
<testsuite hostname="DESKTOP-AHMVJTM" failures="0" tests="1" name="ex_22Jun2024_CRUD_Operations.Lab215_Delete_NonBDDStyle_Req" time="7.781" errors="0" timestamp="2024-09-19T15:38:03 IST" skipped="0">
  <testcase classname="ex_22Jun2024_CRUD_Operations.Lab215_Delete_NonBDDStyle_Req" name="testDeleteRequestNonBDD" time="7.781"/>
</testsuite> <!-- ex_22Jun2024_CRUD_Operations.Lab215_Delete_NonBDDStyle_Req -->
