<?xml version="1.0" encoding="UTF-8"?>
<!-- Generated by org.testng.reporters.JUnitReportReporter -->
<testsuite hostname="DESKTOP-AHMVJTM" failures="0" tests="1" name="ex_27Jun2024WaysToCreatePayloadBody.Serialization_Gen.Lab231_Serilization_Example" time="0.462" errors="0" timestamp="2024-10-09T15:09:15 IST" skipped="0">
  <testcase classname="ex_27Jun2024WaysToCreatePayloadBody.Serialization_Gen.Lab231_Serilization_Example" name="testNonBDDStylePOSTPositive" time="0.462"/>
</testsuite> <!-- ex_27Jun2024WaysToCreatePayloadBody.Serialization_Gen.Lab231_Serilization_Example -->
