<?xml version="1.0" encoding="UTF-8"?>
<!-- Generated by org.testng.reporters.JUnitReportReporter -->
<testsuite hostname="DESKTOP-AHMVJTM" failures="0" tests="1" name="ex_22Jun2024_CRUD_Operations.Lab213_Put_NonBDDStyle_Req" time="10.477" errors="0" timestamp="2024-09-19T15:35:41 IST" skipped="0">
  <testcase classname="ex_22Jun2024_CRUD_Operations.Lab213_Put_NonBDDStyle_Req" name="testPutRequestNonBDD" time="10.477"/>
</testsuite> <!-- ex_22Jun2024_CRUD_Operations.Lab213_Put_NonBDDStyle_Req -->
