<?xml version="1.0" encoding="UTF-8"?>
<!-- Generated by org.testng.reporters.JUnitReportReporter -->
<testsuite hostname="DESKTOP-AHMVJTM" failures="0" tests="4" name="ex_25Jun2024.Lab223" time="0.186" errors="0" timestamp="2024-09-25T12:07:04 IST" skipped="0">
  <testcase classname="ex_25Jun2024.Lab223" name="getToken" time="0.007"/>
  <testcase classname="ex_25Jun2024.Lab223" name="getBookingId" time="0.150"/>
  <testcase classname="ex_25Jun2024.Lab223" name="getPUTMethod" time="0.007"/>
  <testcase classname="ex_25Jun2024.Lab223" name="testDeleteRequest" time="0.022"/>
</testsuite> <!-- ex_25Jun2024.Lab223 -->
